<?xml version="1.0" encoding="UTF-8"?>
<!-- Generated by org.testng.reporters.JUnitXMLReporter -->
<testsuite hostname="DESKTOP-MELBE6D" ignored="0" name="Surefire test" tests="12" failures="3" timestamp="2022-07-14T20:45:22 EET" time="124.292" errors="0">
  <testcase name="runScenario" time="13.164" classname="io.cucumber.testng.AbstractTestNGCucumberTests"/>
  <testcase name="runScenario" time="10.82" classname="io.cucumber.testng.AbstractTestNGCucumberTests"/>
  <testcase name="runScenario" time="10.246" classname="io.cucumber.testng.AbstractTestNGCucumberTests"/>
  <testcase name="runScenario" time="12.005" classname="io.cucumber.testng.AbstractTestNGCucumberTests"/>
  <testcase name="runScenario" time="7.005" classname="io.cucumber.testng.AbstractTestNGCucumberTests">
    <failure type="java.lang.AssertionError" message="expected [true] but found [false]">
      <![CDATA[java.lang.AssertionError: expected [true] but found [false]
at org.example.StepDefinitions.D06_homeSlidersStepDef.url_changedf_success(D06_homeSlidersStepDef.java:20)
at ✽.user get navigated to first item url(file:///C:/Users/pc/IdeaProjects/E-commerce/src/main/resources/features/F06_homeSliders.feature:9)
... Removed 4 stack frames]]>
    </failure>
  </testcase> <!-- runScenario -->
  <testcase name="runScenario" time="6.314" classname="io.cucumber.testng.AbstractTestNGCucumberTests">
    <failure type="java.lang.AssertionError" message="expected [true] but found [false]">
      <![CDATA[java.lang.AssertionError: expected [true] but found [false]
at org.example.StepDefinitions.D06_homeSlidersStepDef.url_changeds_success(D06_homeSlidersStepDef.java:32)
at ✽.user get navigated to item url(file:///C:/Users/pc/IdeaProjects/E-commerce/src/main/resources/features/F06_homeSliders.feature:13)
... Removed 4 stack frames]]>
    </failure>
  </testcase> <!-- runScenario -->
  <testcase name="runScenario" time="8.153" classname="io.cucumber.testng.AbstractTestNGCucumberTests"/>
  <testcase name="runScenario" time="7.77" classname="io.cucumber.testng.AbstractTestNGCucumberTests"/>
  <testcase name="runScenario" time="11.751" classname="io.cucumber.testng.AbstractTestNGCucumberTests"/>
  <testcase name="runScenario" time="8.388" classname="io.cucumber.testng.AbstractTestNGCucumberTests">
    <failure type="java.lang.IndexOutOfBoundsException" message="Index: 1, Size: 1">
      <![CDATA[java.lang.IndexOutOfBoundsException: Index: 1, Size: 1
at java.util.ArrayList.rangeCheck(ArrayList.java:659)
at java.util.ArrayList.get(ArrayList.java:435)
at org.example.StepDefinitions.D07_followUsStepDef.navigate_to_rss_success(D07_followUsStepDef.java:71)
at ✽.navigate correctly to rss page(file:///C:/Users/pc/IdeaProjects/E-commerce/src/main/resources/features/F07_followUs.feature:20)
]]>
    </failure>
  </testcase> <!-- runScenario -->
  <testcase name="runScenario" time="14.059" classname="io.cucumber.testng.AbstractTestNGCucumberTests"/>
  <testcase name="runScenario" time="13.422" classname="io.cucumber.testng.AbstractTestNGCucumberTests"/>
</testsuite> <!-- Surefire test -->
