<?xml version="1.0" encoding="UTF-8"?>
<testng-results skipped="0" failed="3" ignored="0" total="12" passed="9">
  <reporter-output>
  </reporter-output>
  <suite name="Surefire suite" duration-ms="124292" started-at="2022-07-14T20:43:18 EET" finished-at="2022-07-14T20:45:22 EET">
    <groups>
      <group name="cucumber">
        <method signature="AbstractTestNGCucumberTests.runScenario(io.cucumber.testng.PickleWrapper,io.cucumber.testng.FeatureWrapper)[pri:0, instance:org.example.TestRunner.Runners@e320068]" name="runScenario" class="io.cucumber.testng.AbstractTestNGCucumberTests"/>
      </group> <!-- cucumber -->
    </groups>
    <test name="Surefire test" duration-ms="124292" started-at="2022-07-14T20:43:18 EET" finished-at="2022-07-14T20:45:22 EET">
      <class name="org.example.TestRunner.Runners">
        <test-method status="PASS" signature="setUpClass(org.testng.ITestContext)[pri:0, instance:org.example.TestRunner.Runners@e320068]" name="setUpClass" is-config="true" duration-ms="831" started-at="2022-07-14T20:43:18 EET" finished-at="2022-07-14T20:43:19 EET">
          <params>
            <param index="0">
              <value>
                <![CDATA[org.testng.TestRunner@3850e90c]]>
              </value>
            </param>
          </params>
          <reporter-output>
          </reporter-output>
        </test-method> <!-- setUpClass -->
        <test-method status="PASS" signature="runScenario(io.cucumber.testng.PickleWrapper,io.cucumber.testng.FeatureWrapper)[pri:0, instance:org.example.TestRunner.Runners@e320068]" name="runScenario" duration-ms="13164" started-at="2022-07-14T20:43:19 EET" description="Runs Cucumber Scenarios" data-provider="scenarios" finished-at="2022-07-14T20:43:32 EET">
          <params>
            <param index="0">
              <value>
                <![CDATA["user login with valid user and password"]]>
              </value>
            </param>
            <param index="1">
              <value>
                <![CDATA["Login Feature"]]>
              </value>
            </param>
          </params>
          <reporter-output>
          </reporter-output>
        </test-method> <!-- runScenario -->
        <test-method status="PASS" signature="runScenario(io.cucumber.testng.PickleWrapper,io.cucumber.testng.FeatureWrapper)[pri:0, instance:org.example.TestRunner.Runners@e320068]" name="runScenario" duration-ms="10820" started-at="2022-07-14T20:43:32 EET" description="Runs Cucumber Scenarios" data-provider="scenarios" finished-at="2022-07-14T20:43:43 EET">
          <params>
            <param index="0">
              <value>
                <![CDATA["logged in user change currency from US to Euro"]]>
              </value>
            </param>
            <param index="1">
              <value>
                <![CDATA["Change Currency Feature"]]>
              </value>
            </param>
          </params>
          <reporter-output>
          </reporter-output>
        </test-method> <!-- runScenario -->
        <test-method status="PASS" signature="runScenario(io.cucumber.testng.PickleWrapper,io.cucumber.testng.FeatureWrapper)[pri:0, instance:org.example.TestRunner.Runners@e320068]" name="runScenario" duration-ms="10246" started-at="2022-07-14T20:43:43 EET" description="Runs Cucumber Scenarios" data-provider="scenarios" finished-at="2022-07-14T20:43:53 EET">
          <params>
            <param index="0">
              <value>
                <![CDATA["Logged User could search for any product"]]>
              </value>
            </param>
            <param index="1">
              <value>
                <![CDATA["Search Feature"]]>
              </value>
            </param>
          </params>
          <reporter-output>
          </reporter-output>
        </test-method> <!-- runScenario -->
        <test-method status="PASS" signature="runScenario(io.cucumber.testng.PickleWrapper,io.cucumber.testng.FeatureWrapper)[pri:0, instance:org.example.TestRunner.Runners@e320068]" name="runScenario" duration-ms="12005" started-at="2022-07-14T20:43:53 EET" description="Runs Cucumber Scenarios" data-provider="scenarios" finished-at="2022-07-14T20:44:05 EET">
          <params>
            <param index="0">
              <value>
                <![CDATA["Logged user could select different Categories"]]>
              </value>
            </param>
            <param index="1">
              <value>
                <![CDATA["Select Category Feature"]]>
              </value>
            </param>
          </params>
          <reporter-output>
          </reporter-output>
        </test-method> <!-- runScenario -->
        <test-method status="FAIL" signature="runScenario(io.cucumber.testng.PickleWrapper,io.cucumber.testng.FeatureWrapper)[pri:0, instance:org.example.TestRunner.Runners@e320068]" name="runScenario" duration-ms="7005" started-at="2022-07-14T20:44:05 EET" description="Runs Cucumber Scenarios" data-provider="scenarios" finished-at="2022-07-14T20:44:12 EET">
          <params>
            <param index="0">
              <value>
                <![CDATA["Slider test"]]>
              </value>
            </param>
            <param index="1">
              <value>
                <![CDATA["Slider Featuer"]]>
              </value>
            </param>
          </params>
          <exception class="java.lang.AssertionError">
            <message>
              <![CDATA[expected [true] but found [false]]]>
            </message>
            <full-stacktrace>
              <![CDATA[java.lang.AssertionError: expected [true] but found [false]
at org.testng.Assert.fail(Assert.java:99)
at org.testng.Assert.failNotEquals(Assert.java:1037)
at org.testng.Assert.assertTrue(Assert.java:45)
at org.testng.Assert.assertTrue(Assert.java:55)
at org.example.StepDefinitions.D06_homeSlidersStepDef.url_changedf_success(D06_homeSlidersStepDef.java:20)
at ✽.user get navigated to first item url(file:///C:/Users/pc/IdeaProjects/E-commerce/src/main/resources/features/F06_homeSliders.feature:9)
]]>
            </full-stacktrace>
          </exception> <!-- java.lang.AssertionError -->
          <reporter-output>
          </reporter-output>
        </test-method> <!-- runScenario -->
        <test-method status="FAIL" signature="runScenario(io.cucumber.testng.PickleWrapper,io.cucumber.testng.FeatureWrapper)[pri:0, instance:org.example.TestRunner.Runners@e320068]" name="runScenario" duration-ms="6314" started-at="2022-07-14T20:44:12 EET" description="Runs Cucumber Scenarios" data-provider="scenarios" finished-at="2022-07-14T20:44:19 EET">
          <params>
            <param index="0">
              <value>
                <![CDATA["Slider test"]]>
              </value>
            </param>
            <param index="1">
              <value>
                <![CDATA["Slider Featuer"]]>
              </value>
            </param>
          </params>
          <exception class="java.lang.AssertionError">
            <message>
              <![CDATA[expected [true] but found [false]]]>
            </message>
            <full-stacktrace>
              <![CDATA[java.lang.AssertionError: expected [true] but found [false]
at org.testng.Assert.fail(Assert.java:99)
at org.testng.Assert.failNotEquals(Assert.java:1037)
at org.testng.Assert.assertTrue(Assert.java:45)
at org.testng.Assert.assertTrue(Assert.java:55)
at org.example.StepDefinitions.D06_homeSlidersStepDef.url_changeds_success(D06_homeSlidersStepDef.java:32)
at ✽.user get navigated to item url(file:///C:/Users/pc/IdeaProjects/E-commerce/src/main/resources/features/F06_homeSliders.feature:13)
]]>
            </full-stacktrace>
          </exception> <!-- java.lang.AssertionError -->
          <reporter-output>
          </reporter-output>
        </test-method> <!-- runScenario -->
        <test-method status="PASS" signature="runScenario(io.cucumber.testng.PickleWrapper,io.cucumber.testng.FeatureWrapper)[pri:0, instance:org.example.TestRunner.Runners@e320068]" name="runScenario" duration-ms="8153" started-at="2022-07-14T20:44:19 EET" description="Runs Cucumber Scenarios" data-provider="scenarios" finished-at="2022-07-14T20:44:27 EET">
          <params>
            <param index="0">
              <value>
                <![CDATA["Follow us on twitter"]]>
              </value>
            </param>
            <param index="1">
              <value>
                <![CDATA["Follow us Feature"]]>
              </value>
            </param>
          </params>
          <reporter-output>
          </reporter-output>
        </test-method> <!-- runScenario -->
        <test-method status="PASS" signature="runScenario(io.cucumber.testng.PickleWrapper,io.cucumber.testng.FeatureWrapper)[pri:0, instance:org.example.TestRunner.Runners@e320068]" name="runScenario" duration-ms="7770" started-at="2022-07-14T20:44:27 EET" description="Runs Cucumber Scenarios" data-provider="scenarios" finished-at="2022-07-14T20:44:34 EET">
          <params>
            <param index="0">
              <value>
                <![CDATA["Follow us on facebook"]]>
              </value>
            </param>
            <param index="1">
              <value>
                <![CDATA["Follow us Feature"]]>
              </value>
            </param>
          </params>
          <reporter-output>
          </reporter-output>
        </test-method> <!-- runScenario -->
        <test-method status="PASS" signature="runScenario(io.cucumber.testng.PickleWrapper,io.cucumber.testng.FeatureWrapper)[pri:0, instance:org.example.TestRunner.Runners@e320068]" name="runScenario" duration-ms="11751" started-at="2022-07-14T20:44:34 EET" description="Runs Cucumber Scenarios" data-provider="scenarios" finished-at="2022-07-14T20:44:46 EET">
          <params>
            <param index="0">
              <value>
                <![CDATA["Follow us on youtube"]]>
              </value>
            </param>
            <param index="1">
              <value>
                <![CDATA["Follow us Feature"]]>
              </value>
            </param>
          </params>
          <reporter-output>
          </reporter-output>
        </test-method> <!-- runScenario -->
        <test-method status="FAIL" signature="runScenario(io.cucumber.testng.PickleWrapper,io.cucumber.testng.FeatureWrapper)[pri:0, instance:org.example.TestRunner.Runners@e320068]" name="runScenario" duration-ms="8388" started-at="2022-07-14T20:44:46 EET" description="Runs Cucumber Scenarios" data-provider="scenarios" finished-at="2022-07-14T20:44:55 EET">
          <params>
            <param index="0">
              <value>
                <![CDATA["Follow us on rss"]]>
              </value>
            </param>
            <param index="1">
              <value>
                <![CDATA["Follow us Feature"]]>
              </value>
            </param>
          </params>
          <exception class="java.lang.IndexOutOfBoundsException">
            <message>
              <![CDATA[Index: 1, Size: 1]]>
            </message>
            <full-stacktrace>
              <![CDATA[java.lang.IndexOutOfBoundsException: Index: 1, Size: 1
at java.util.ArrayList.rangeCheck(ArrayList.java:659)
at java.util.ArrayList.get(ArrayList.java:435)
at org.example.StepDefinitions.D07_followUsStepDef.navigate_to_rss_success(D07_followUsStepDef.java:71)
at ✽.navigate correctly to rss page(file:///C:/Users/pc/IdeaProjects/E-commerce/src/main/resources/features/F07_followUs.feature:20)
]]>
            </full-stacktrace>
          </exception> <!-- java.lang.IndexOutOfBoundsException -->
          <reporter-output>
          </reporter-output>
        </test-method> <!-- runScenario -->
        <test-method status="PASS" signature="runScenario(io.cucumber.testng.PickleWrapper,io.cucumber.testng.FeatureWrapper)[pri:0, instance:org.example.TestRunner.Runners@e320068]" name="runScenario" duration-ms="14059" started-at="2022-07-14T20:44:55 EET" description="Runs Cucumber Scenarios" data-provider="scenarios" finished-at="2022-07-14T20:45:09 EET">
          <params>
            <param index="0">
              <value>
                <![CDATA["Logged user could add different products to Wishlist"]]>
              </value>
            </param>
            <param index="1">
              <value>
                <![CDATA["Wishlist Feature"]]>
              </value>
            </param>
          </params>
          <reporter-output>
          </reporter-output>
        </test-method> <!-- runScenario -->
        <test-method status="PASS" signature="runScenario(io.cucumber.testng.PickleWrapper,io.cucumber.testng.FeatureWrapper)[pri:0, instance:org.example.TestRunner.Runners@e320068]" name="runScenario" duration-ms="13422" started-at="2022-07-14T20:45:09 EET" description="Runs Cucumber Scenarios" data-provider="scenarios" finished-at="2022-07-14T20:45:22 EET">
          <params>
            <param index="0">
              <value>
                <![CDATA["Logged user could add different products to Shopping cart"]]>
              </value>
            </param>
            <param index="1">
              <value>
                <![CDATA["Shopping Cart Feature"]]>
              </value>
            </param>
          </params>
          <reporter-output>
          </reporter-output>
        </test-method> <!-- runScenario -->
        <test-method status="PASS" signature="tearDownClass()[pri:0, instance:org.example.TestRunner.Runners@e320068]" name="tearDownClass" is-config="true" duration-ms="300" started-at="2022-07-14T20:45:22 EET" finished-at="2022-07-14T20:45:22 EET">
          <reporter-output>
          </reporter-output>
        </test-method> <!-- tearDownClass -->
      </class> <!-- org.example.TestRunner.Runners -->
    </test> <!-- Surefire test -->
  </suite> <!-- Surefire suite -->
</testng-results>
